<?xml version="1.0" encoding="UTF-8"?>
<!-- Generated by org.testng.reporters.JUnitReportReporter -->
<testsuite skipped="0" hostname="DESKTOP-G46QBGA" name="testCases.TestCase_API" tests="4" failures="0" timestamp="06 Dec 2020 05:46:47 GMT" time="4.850" errors="0">
  <testcase name="countPostsForSpecificUserId" time="4.098" classname="testCases.TestCase_API"/>
  <testcase name="getPostIdFromComments" time="0.351" classname="testCases.TestCase_API"/>
  <testcase name="countCommentsForSpecificPostId" time="0.212" classname="testCases.TestCase_API"/>
  <testcase name="getAllUsers" time="0.189" classname="testCases.TestCase_API"/>
</testsuite> <!-- testCases.TestCase_API -->
