<?xml version="1.0" encoding="UTF-8"?>
<!-- Generated by org.testng.reporters.JUnitReportReporter -->
<testsuite skipped="0" hostname="DESKTOP-G46QBGA" name="testCases.TestCase_API" tests="4" failures="0" timestamp="06 Dec 2020 05:52:09 GMT" time="5.096" errors="0">
  <testcase name="countPostsForSpecificUserId" time="4.203" classname="testCases.TestCase_API"/>
  <testcase name="getPostIdFromComments" time="0.463" classname="testCases.TestCase_API"/>
  <testcase name="countCommentsForSpecificPostId" time="0.233" classname="testCases.TestCase_API"/>
  <testcase name="getAllUsers" time="0.197" classname="testCases.TestCase_API"/>
</testsuite> <!-- testCases.TestCase_API -->
