<?xml version="1.0" encoding="UTF-8"?>
<!-- Generated by org.testng.reporters.JUnitReportReporter -->
<testsuite skipped="0" hostname="DESKTOP-G46QBGA" name="testCases.TestCase_UI" tests="1" failures="0" timestamp="06 Dec 2020 05:52:09 GMT" time="87.627" errors="0">
  <testcase name="validateTestCases" time="87.627" classname="testCases.TestCase_UI"/>
</testsuite> <!-- testCases.TestCase_UI -->
